Perf-script release at 192010027
Revision history:

//depot/google3/wireless/android/androidgo/public/perf_tests/releases/2018-04-07-1523125519/docs/instructions.md#1 - branch/sync from //depot/google3/wireless/android/androidgo/docs/public/perf_tests/g3doc/instructions.md#1,#11
//depot/google3/wireless/android/androidgo/public/perf_tests/releases/2018-04-07-1523125519/docs/perf_test_contacts.csv#1 - branch/sync from //depot/google3/wireless/android/androidgo/docs/public/perf_tests/perf_test_contacts.csv#1
//depot/google3/wireless/android/androidgo/public/perf_tests/releases/2018-04-07-1523125519/kernel/required_values.txt#1 - branch/sync from //depot/google3/wireless/android/androidgo/scripts/public/kernel/required_values.txt#1
//depot/google3/wireless/android/androidgo/public/perf_tests/releases/2018-04-07-1523125519/kernel/verify_kernelcfg.sh#1 - branch/sync from //depot/google3/wireless/android/androidgo/scripts/public/kernel/verify_kernelcfg.sh#1
//depot/google3/wireless/android/androidgo/public/perf_tests/releases/2018-04-07-1523125519/system/post_boot_metrics.sh#1 - branch/sync from //depot/google3/wireless/android/androidgo/scripts/public/system/post_boot_metrics.sh#1
//depot/google3/wireless/android/androidgo/public/perf_tests/releases/2018-04-07-1523125519/system/check_f2fs.sh#1 - branch/sync from //depot/google3/wireless/android/androidgo/scripts/public/system/check_f2fs.sh#1
//depot/google3/wireless/android/androidgo/public/perf_tests/releases/2018-04-07-1523125519/system/check_f2fs#1 - branch/sync from //depot/google3/wireless/android/androidgo/scripts/public/system/check_f2fs#1
//depot/google3/wireless/android/androidgo/public/perf_tests/releases/2018-04-07-1523125519/apps/test_app.sh#1 - branch/sync from //depot/google3/wireless/android/androidgo/scripts/public/apps/test_app.sh#1,#3
//depot/google3/wireless/android/androidgo/public/perf_tests/releases/2018-04-07-1523125519/apps/apps_performance.sh#1 - branch/sync from //depot/google3/wireless/android/androidgo/scripts/public/apps/apps_performance.sh#1,#2

//depot/google3/wireless/android/androidgo/public/perf_tests/releases/2018-04-07-1523125519/apps/test_app_config/com.adobe.reader.config#1 - branch/sync from //depot/google3/wireless/android/androidgo/scripts/public/apps/test_app_config/com.adobe.reader.config#1
//depot/google3/wireless/android/androidgo/public/perf_tests/releases/2018-04-07-1523125519/apps/test_app_config/com.airbnb.android.config#1 - branch/sync from //depot/google3/wireless/android/androidgo/scripts/public/apps/test_app_config/com.airbnb.android.config#1
//depot/google3/wireless/android/androidgo/public/perf_tests/releases/2018-04-07-1523125519/apps/test_app_config/com.bbm.config#1 - branch/sync from //depot/google3/wireless/android/androidgo/scripts/public/apps/test_app_config/com.bbm.config#1
//depot/google3/wireless/android/androidgo/public/perf_tests/releases/2018-04-07-1523125519/apps/test_app_config/com.cam001.selfie.config#1 - branch/sync from //depot/google3/wireless/android/androidgo/scripts/public/apps/test_app_config/com.cam001.selfie.config#1
//depot/google3/wireless/android/androidgo/public/perf_tests/releases/2018-04-07-1523125519/apps/test_app_config/com.domobile.applock.config#1 - branch/sync from //depot/google3/wireless/android/androidgo/scripts/public/apps/test_app_config/com.domobile.applock.config#1
//depot/google3/wireless/android/androidgo/public/perf_tests/releases/2018-04-07-1523125519/apps/test_app_config/com.facebook.katana.config#1 - branch/sync from //depot/google3/wireless/android/androidgo/scripts/public/apps/test_app_config/com.facebook.katana.config#1
//depot/google3/wireless/android/androidgo/public/perf_tests/releases/2018-04-07-1523125519/apps/test_app_config/com.facebook.lite.config#1 - branch/sync from //depot/google3/wireless/android/androidgo/scripts/public/apps/test_app_config/com.facebook.lite.config#1
//depot/google3/wireless/android/androidgo/public/perf_tests/releases/2018-04-07-1523125519/apps/test_app_config/com.facebook.orca.config#1 - branch/sync from //depot/google3/wireless/android/androidgo/scripts/public/apps/test_app_config/com.facebook.orca.config#1
//depot/google3/wireless/android/androidgo/public/perf_tests/releases/2018-04-07-1523125519/apps/test_app_config/com.imo.android.imoim.config#1 - branch/sync from //depot/google3/wireless/android/androidgo/scripts/public/apps/test_app_config/com.imo.android.imoim.config#1
//depot/google3/wireless/android/androidgo/public/perf_tests/releases/2018-04-07-1523125519/apps/test_app_config/com.instagram.android.config#1 - branch/sync from //depot/google3/wireless/android/androidgo/scripts/public/apps/test_app_config/com.instagram.android.config#1
//depot/google3/wireless/android/androidgo/public/perf_tests/releases/2018-04-07-1523125519/apps/test_app_config/com.mxtech.videoplayer.ad.config#1 - branch/sync from //depot/google3/wireless/android/androidgo/scripts/public/apps/test_app_config/com.mxtech.videoplayer.ad.config#1
//depot/google3/wireless/android/androidgo/public/perf_tests/releases/2018-04-07-1523125519/apps/test_app_config/com.opera.mini.native.config#1 - branch/sync from //depot/google3/wireless/android/androidgo/scripts/public/apps/test_app_config/com.opera.mini.native.config#1
//depot/google3/wireless/android/androidgo/public/perf_tests/releases/2018-04-07-1523125519/apps/test_app_config/com.outfit7.mytalkingangelafree.config#1 - branch/sync from //depot/google3/wireless/android/androidgo/scripts/public/apps/test_app_config/com.outfit7.mytalkingangelafree.config#1
//depot/google3/wireless/android/androidgo/public/perf_tests/releases/2018-04-07-1523125519/apps/test_app_config/com.picsart.studio.config#1 - branch/sync from //depot/google3/wireless/android/androidgo/scripts/public/apps/test_app_config/com.picsart.studio.config#1
//depot/google3/wireless/android/androidgo/public/perf_tests/releases/2018-04-07-1523125519/apps/test_app_config/com.pinterest.config#1 - branch/sync from //depot/google3/wireless/android/androidgo/scripts/public/apps/test_app_config/com.pinterest.config#1
//depot/google3/wireless/android/androidgo/public/perf_tests/releases/2018-04-07-1523125519/apps/test_app_config/com.quora.android.config#1 - branch/sync from //depot/google3/wireless/android/androidgo/scripts/public/apps/test_app_config/com.quora.android.config#1
//depot/google3/wireless/android/androidgo/public/perf_tests/releases/2018-04-07-1523125519/apps/test_app_config/com.shazam.android.config#1 - branch/sync from //depot/google3/wireless/android/androidgo/scripts/public/apps/test_app_config/com.shazam.android.config#1
//depot/google3/wireless/android/androidgo/public/perf_tests/releases/2018-04-07-1523125519/apps/test_app_config/com.skype.raider.config#1 - branch/sync from //depot/google3/wireless/android/androidgo/scripts/public/apps/test_app_config/com.skype.raider.config#1
//depot/google3/wireless/android/androidgo/public/perf_tests/releases/2018-04-07-1523125519/apps/test_app_config/com.snapchat.android.config#1 - branch/sync from //depot/google3/wireless/android/androidgo/scripts/public/apps/test_app_config/com.snapchat.android.config#1
//depot/google3/wireless/android/androidgo/public/perf_tests/releases/2018-04-07-1523125519/apps/test_app_config/com.truecaller.config#1 - branch/sync from //depot/google3/wireless/android/androidgo/scripts/public/apps/test_app_config/com.truecaller.config#1
//depot/google3/wireless/android/androidgo/public/perf_tests/releases/2018-04-07-1523125519/apps/test_app_config/com.viber.voip.config#1 - branch/sync from //depot/google3/wireless/android/androidgo/scripts/public/apps/test_app_config/com.viber.voip.config#1
//depot/google3/wireless/android/androidgo/public/perf_tests/releases/2018-04-07-1523125519/apps/test_app_config/com.vkontakte.android.config#1 - branch/sync from //depot/google3/wireless/android/androidgo/scripts/public/apps/test_app_config/com.vkontakte.android.config#1
//depot/google3/wireless/android/androidgo/public/perf_tests/releases/2018-04-07-1523125519/apps/test_app_config/com.whatsapp.config#1 - branch/sync from //depot/google3/wireless/android/androidgo/scripts/public/apps/test_app_config/com.whatsapp.config#1
//depot/google3/wireless/android/androidgo/public/perf_tests/releases/2018-04-07-1523125519/apps/test_app_config/me.pou.app.config#1 - branch/sync from //depot/google3/wireless/android/androidgo/scripts/public/apps/test_app_config/me.pou.app.config#1
//depot/google3/wireless/android/androidgo/public/perf_tests/releases/2018-04-07-1523125519/apps/test_app_config/test_to_run.config#1 - branch/sync from //depot/google3/wireless/android/androidgo/scripts/public/apps/test_app_config/test_to_run.config#1

